<?xml version="1.0" encoding="UTF-8"?>
<testsuite name="Login Test"
           tests="5"
           failures="0"
           errors="0"
           skipped="0"
           time="7.461">
  <properties />
  
  
            <testcase name="customerShouldDepositMoneySuccessfully" time="1.332" classname="com.way2automation.testsuite.BankTest" />
                <testcase name="customerShouldWithdrawMoneySuccessfully" time="3.301" classname="com.way2automation.testsuite.BankTest" />
                <testcase name="bankManagerShouldAddCustomerSuccessfully" time="1.136" classname="com.way2automation.testsuite.BankTest" />
                <testcase name="bankManagerShouldOpenAccountSuccessfully" time="1.000" classname="com.way2automation.testsuite.BankTest" />
                <testcase name="customerShouldLoginAndLogoutSuccessfully" time="0.692" classname="com.way2automation.testsuite.BankTest" />
      
</testsuite>
